0 info it worked if it ends with ok
1 verbose cli [ 'c:\\Program Files\\nodejs\\node.exe',
1 verbose cli   'c:\\Program Files\\nodejs\\node_modules\\npm\\bin\\npm-cli.js',
1 verbose cli   'install',
1 verbose cli   'C:/Program Files (x86)/Git/m',
1 verbose cli   '-g',
1 verbose cli   'mongodb',
1 verbose cli   '--save' ]
2 info using npm@1.4.28
3 info using node@v0.10.33
4 verbose cache add [ 'C:/Program Files (x86)/Git/m', null ]
5 verbose cache add name=undefined spec="C:/Program Files (x86)/Git/m" args=["C:/Program Files (x86)/Git/m",null]
6 verbose parsed url { protocol: 'c:',
6 verbose parsed url   slashes: null,
6 verbose parsed url   auth: null,
6 verbose parsed url   host: '',
6 verbose parsed url   port: null,
6 verbose parsed url   hostname: '',
6 verbose parsed url   hash: null,
6 verbose parsed url   search: null,
6 verbose parsed url   query: null,
6 verbose parsed url   pathname: '/Program%20Files%20(x86)/Git/m',
6 verbose parsed url   path: '/Program%20Files%20(x86)/Git/m',
6 verbose parsed url   href: 'c:/Program%20Files%20(x86)/Git/m' }
7 verbose cache add [ 'mongodb', null ]
8 verbose cache add name=undefined spec="mongodb" args=["mongodb",null]
9 verbose parsed url { protocol: null,
9 verbose parsed url   slashes: null,
9 verbose parsed url   auth: null,
9 verbose parsed url   host: null,
9 verbose parsed url   port: null,
9 verbose parsed url   hostname: null,
9 verbose parsed url   hash: null,
9 verbose parsed url   search: null,
9 verbose parsed url   query: null,
9 verbose parsed url   pathname: 'mongodb',
9 verbose parsed url   path: 'mongodb',
9 verbose parsed url   href: 'mongodb' }
10 silly lockFile e95b48ba-C-Program-Files-x86-Git-m C:/Program Files (x86)/Git/m
11 verbose lock C:/Program Files (x86)/Git/m C:\Users\nhn\AppData\Roaming\npm-cache\e95b48ba-C-Program-Files-x86-Git-m.lock
12 silly lockFile 7f1c982e-mongodb mongodb
13 verbose lock mongodb C:\Users\nhn\AppData\Roaming\npm-cache\7f1c982e-mongodb.lock
14 silly lockFile e95b48ba-C-Program-Files-x86-Git-m C:/Program Files (x86)/Git/m
15 silly lockFile e95b48ba-C-Program-Files-x86-Git-m C:/Program Files (x86)/Git/m
16 silly lockFile 7f1c982e-mongodb mongodb
17 silly lockFile 7f1c982e-mongodb mongodb
18 error addLocal Could not install C:/Program Files (x86)/Git/m
19 verbose addNamed [ 'mongodb', '' ]
20 verbose addNamed [ null, '*' ]
21 silly lockFile 886df635-mongodb mongodb@
22 verbose lock mongodb@ C:\Users\nhn\AppData\Roaming\npm-cache\886df635-mongodb.lock
23 silly addNameRange { name: 'mongodb', range: '*', hasData: false }
24 verbose request where is /mongodb
25 verbose request registry https://registry.npmjs.org/
26 verbose request id e36f47d0e34f9aec
27 verbose url raw /mongodb
28 verbose url resolving [ 'https://registry.npmjs.org/', './mongodb' ]
29 verbose url resolved https://registry.npmjs.org/mongodb
30 verbose request where is https://registry.npmjs.org/mongodb
31 info trying registry request attempt 1 at 09:40:12
32 verbose etag "CRH39SC1LSNZYAE3YTLYYP1NI"
33 http GET https://registry.npmjs.org/mongodb
34 http 304 https://registry.npmjs.org/mongodb
35 silly registry.get cb [ 304,
35 silly registry.get   { date: 'Mon, 05 Jan 2015 01:40:13 GMT',
35 silly registry.get     server: 'Apache',
35 silly registry.get     via: '1.1 varnish',
35 silly registry.get     'last-modified': 'Mon, 05 Jan 2015 01:38:12 GMT',
35 silly registry.get     'cache-control': 'max-age=60',
35 silly registry.get     etag: '"CRH39SC1LSNZYAE3YTLYYP1NI"',
35 silly registry.get     age: '50',
35 silly registry.get     'x-served-by': 'cache-ty66-TYO',
35 silly registry.get     'x-cache': 'HIT',
35 silly registry.get     'x-cache-hits': '7',
35 silly registry.get     'x-timer': 'S1420422013.797689,VS0,VE0',
35 silly registry.get     vary: 'Accept',
35 silly registry.get     'content-length': '0',
35 silly registry.get     'keep-alive': 'timeout=10, max=50',
35 silly registry.get     connection: 'Keep-Alive' } ]
36 verbose etag https://registry.npmjs.org/mongodb from cache
37 silly addNameRange number 2 { name: 'mongodb', range: '*', hasData: true }
38 silly addNameRange versions [ 'mongodb',
38 silly addNameRange   [ '0.9.4',
38 silly addNameRange     '0.9.4-4',
38 silly addNameRange     '0.9.3',
38 silly addNameRange     '0.9.1',
38 silly addNameRange     '0.9.2',
38 silly addNameRange     '0.9.6-7',
38 silly addNameRange     '0.9.6-8',
38 silly addNameRange     '0.9.6-9',
38 silly addNameRange     '0.9.6-10',
38 silly addNameRange     '0.9.6-11',
38 silly addNameRange     '0.9.6-12',
38 silly addNameRange     '0.9.6-13',
38 silly addNameRange     '0.9.6-14',
38 silly addNameRange     '0.9.6-15',
38 silly addNameRange     '0.9.6-16',
38 silly addNameRange     '0.9.6-17',
38 silly addNameRange     '0.9.6-18',
38 silly addNameRange     '0.9.6-19',
38 silly addNameRange     '0.9.6-20',
38 silly addNameRange     '0.9.6-21',
38 silly addNameRange     '0.9.6-22',
38 silly addNameRange     '0.9.6-23',
38 silly addNameRange     '0.9.7',
38 silly addNameRange     '0.9.7-0',
38 silly addNameRange     '0.9.7-1',
38 silly addNameRange     '0.9.7-1.1',
38 silly addNameRange     '0.9.7-1.2',
38 silly addNameRange     '0.9.7-1.3',
38 silly addNameRange     '0.9.7-1.4',
38 silly addNameRange     '0.9.7-2',
38 silly addNameRange     '0.9.7-2-1',
38 silly addNameRange     '0.9.7-2-2',
38 silly addNameRange     '0.9.7-2-3',
38 silly addNameRange     '0.9.7-2-4',
38 silly addNameRange     '0.9.7-2-5',
38 silly addNameRange     '0.9.7-3',
38 silly addNameRange     '0.9.7-3-1',
38 silly addNameRange     '0.9.7-3-2',
38 silly addNameRange     '0.9.7-3-3',
38 silly addNameRange     '0.9.7-3-4',
38 silly addNameRange     '0.9.7-3-5',
38 silly addNameRange     '0.9.8',
38 silly addNameRange     '0.9.8-1',
38 silly addNameRange     '0.9.8-2',
38 silly addNameRange     '0.9.8-3',
38 silly addNameRange     '0.9.8-4',
38 silly addNameRange     '0.9.8-5',
38 silly addNameRange     '0.9.8-6',
38 silly addNameRange     '0.9.8-7',
38 silly addNameRange     '0.9.9',
38 silly addNameRange     '0.9.9-1',
38 silly addNameRange     '0.9.9-2',
38 silly addNameRange     '0.9.9-3',
38 silly addNameRange     '0.9.9-4',
38 silly addNameRange     '0.9.9-5',
38 silly addNameRange     '0.9.9-6',
38 silly addNameRange     '0.9.9-7',
38 silly addNameRange     '0.9.9-8',
38 silly addNameRange     '1.0.0',
38 silly addNameRange     '1.0.1',
38 silly addNameRange     '1.0.2',
38 silly addNameRange     '1.1.0-beta',
38 silly addNameRange     '1.1.0',
38 silly addNameRange     '1.1.1',
38 silly addNameRange     '1.1.2',
38 silly addNameRange     '1.1.3',
38 silly addNameRange     '1.1.4',
38 silly addNameRange     '1.1.5',
38 silly addNameRange     '1.1.6',
38 silly addNameRange     '1.1.7',
38 silly addNameRange     '1.1.8',
38 silly addNameRange     '1.1.9',
38 silly addNameRange     '1.1.10',
38 silly addNameRange     '1.1.11',
38 silly addNameRange     '1.2.0',
38 silly addNameRange     '1.2.1',
38 silly addNameRange     '1.2.2',
38 silly addNameRange     '1.2.3',
38 silly addNameRange     '1.2.4',
38 silly addNameRange     '1.2.5',
38 silly addNameRange     '1.2.6',
38 silly addNameRange     '1.2.7',
38 silly addNameRange     '1.2.8',
38 silly addNameRange     '1.2.9',
38 silly addNameRange     '1.2.10',
38 silly addNameRange     '1.2.11',
38 silly addNameRange     '1.2.12',
38 silly addNameRange     '1.2.13',
38 silly addNameRange     '1.2.14',
38 silly addNameRange     '1.3.0',
38 silly addNameRange     '1.3.1',
38 silly addNameRange     '1.3.2',
38 silly addNameRange     '1.3.3',
38 silly addNameRange     '1.3.4',
38 silly addNameRange     '1.3.5',
38 silly addNameRange     '1.3.6',
38 silly addNameRange     '1.3.7',
38 silly addNameRange     '1.3.8',
38 silly addNameRange     '1.3.9',
38 silly addNameRange     '1.3.10',
38 silly addNameRange     '1.3.11',
38 silly addNameRange     '1.3.12',
38 silly addNameRange     '1.3.14',
38 silly addNameRange     '1.3.15',
38 silly addNameRange     '1.3.17',
38 silly addNameRange     '1.3.18',
38 silly addNameRange     '1.3.19',
38 silly addNameRange     '1.4.0-rc2',
38 silly addNameRange     '1.3.20',
38 silly addNameRange     '1.4.0-rc3',
38 silly addNameRange     '1.3.21',
38 silly addNameRange     '1.3.22',
38 silly addNameRange     '1.3.23',
38 silly addNameRange     '1.4.0-rc4',
38 silly addNameRange     '1.4.0-rc5',
38 silly addNameRange     '1.4.0-rc6',
38 silly addNameRange     '1.4.0-rc7',
38 silly addNameRange     '1.4.0-rc8',
38 silly addNameRange     '1.4.0-rc9',
38 silly addNameRange     '1.4.0-rc10',
38 silly addNameRange     '1.4.0',
38 silly addNameRange     '1.4.1',
38 silly addNameRange     '1.4.2',
38 silly addNameRange     '1.4.3',
38 silly addNameRange     '1.4.4',
38 silly addNameRange     '1.4.5',
38 silly addNameRange     '1.4.6',
38 silly addNameRange     '1.4.7',
38 silly addNameRange     '1.4.8',
38 silly addNameRange     '1.4.9',
38 silly addNameRange     '1.4.10',
38 silly addNameRange     '2.0.0-alpha1',
38 silly addNameRange     '1.4.11',
38 silly addNameRange     '1.4.12',
38 silly addNameRange     '1.4.14',
38 silly addNameRange     '1.4.15',
38 silly addNameRange     '1.4.16',
38 silly addNameRange     '1.4.17',
38 silly addNameRange     '2.0.0-alpha2',
38 silly addNameRange     '1.4.18',
38 silly addNameRange     '2.0.0',
38 silly addNameRange     '2.0.1',
38 silly addNameRange     '2.0.2',
38 silly addNameRange     '1.4.19',
38 silly addNameRange     '2.0.3',
38 silly addNameRange     '2.0.4',
38 silly addNameRange     '2.0.5',
38 silly addNameRange     '2.0.6',
38 silly addNameRange     '1.4.20',
38 silly addNameRange     '1.4.22',
38 silly addNameRange     '2.0.7',
38 silly addNameRange     '2.0.8',
38 silly addNameRange     '2.0.9',
38 silly addNameRange     '1.4.23',
38 silly addNameRange     '2.0.10',
38 silly addNameRange     '1.4.24',
38 silly addNameRange     '2.0.11',
38 silly addNameRange     '1.4.25',
38 silly addNameRange     '2.0.12',
38 silly addNameRange     '1.4.26' ] ]
39 verbose addNamed [ 'mongodb', '1.4.26' ]
40 verbose addNamed [ '1.4.26', '1.4.26' ]
41 silly lockFile be3efc7c-mongodb-1-4-26 mongodb@1.4.26
42 verbose lock mongodb@1.4.26 C:\Users\nhn\AppData\Roaming\npm-cache\be3efc7c-mongodb-1-4-26.lock
43 silly lockFile be3efc7c-mongodb-1-4-26 mongodb@1.4.26
44 silly lockFile be3efc7c-mongodb-1-4-26 mongodb@1.4.26
45 silly lockFile 886df635-mongodb mongodb@
46 silly lockFile 886df635-mongodb mongodb@
47 error Error: ENOENT, stat 'C:\Program Files (x86)\Git\m'
48 error If you need help, you may report this *entire* log,
48 error including the npm and node versions, at:
48 error     <http://github.com/npm/npm/issues>
49 error System Windows_NT 6.1.7601
50 error command "c:\\Program Files\\nodejs\\node.exe" "c:\\Program Files\\nodejs\\node_modules\\npm\\bin\\npm-cli.js" "install" "C:/Program Files (x86)/Git/m" "-g" "mongodb" "--save"
51 error cwd e:\projects\zjdgx\Study
52 error node -v v0.10.33
53 error npm -v 1.4.28
54 error path C:\Program Files (x86)\Git\m
55 error code ENOENT
56 error errno 34
57 verbose exit [ 34, true ]
