1. demo1:
	<script id="demo1" type="text/x-handlebars-template">
		<div class="entry">
			<h1>{{title}}</h1>
			<div class="body">
				{{body}}
			</div>
		</div>
	</script>
	function demo1(){
		var doc = document,
			source = doc.getElementById("demo1").innerHTML,
			// TODO: handlebar compile
			template = Handlebars.compile(source),
			context = {title: "zjdgx", body: "first handlebar demo"};
		var container = doc.createElement("div");
		// apply template
		container.innerHTML = template(context);
		document.body.appendChild(container);
	}
2. HTML Escaping:
	Handlebars HTML-escapes values returned by a {{expression}}. If you don't want Handlebars to escape a value, use the "triple-stash", _{{{_