第7章 Connect自带的中间件
	解析cookie、请求主体和查询字符串中间件
	实现web程序核心功能的中间件
	处理web程序安全的中间件
	提供静态文本服务中间件

6.1 搭建一个Connect程序(P111)
		
6.2 Connect的工作机制(P112)

	中间件参数:  请求对象, 响应对象, 回调函数next

    6.2.1 做日志的中间件(P112)

    6.2.2 响应'Hello World'的中间件(P113)

6.3 为什么中间件的顺序很重要(P114)

    6.3.1 中间件什么时候不调用next()(P114)

    6.3.2 用中间件的顺序执行认证(P115)

6.4 挂载中间件和服务器(P115)
	
	挂载: 可以给中间件或整个程序定义一个路径前缀.	
	语法: connect.use(logger).use('/admin', redirect).use('/admin', admin).use(hello).listen(3000).
	*注: use('/admin', ***)即挂载
	
	6.4.1 认证中间件(P116)
	
	6.4.2 显示管理面板的中间件(P117)
	
6.5 创建可配置的中间件(P118)

	用法: app.use(setup({some: 'options'})).
	
	6.5.1 创建可配置的logger中间件组件(P119)
	
	6.5.2 构建路由中间件组件(P120)
		**(P122)fn.apply...
		**(P122)routes为空....
		
	6.5.3 构建一个重写URL的中间件组件(P122)
		