2015/02/03:
	编辑器 github Atom
	Java WebCollector
	NodeBB论坛
	

fixed
2014/12/12:
	nodejs解决response乱码问题(charset=UTF-8): res.setHeader('Content-Type', 'text/html;charset=UTF-8');
2014/12/03:
	nodejs des encrypt
2014/12/02:
	superCheerIo.js网页爬虫
	
not fixed
	(2014/12/15)修改Memo.html:
		显示所有数据库
SELECT SCHEMA_NAME, DEFAULT_CHARACTER_SET_NAME, DEFAULT_COLLATION_NAME FROM INFORMATION_SCHEMA.SCHEMATA;
	(20141203)百度云数据库
	(20141212)curl压力测试 ab
	(20141212)restful delete and put test failed.
	(20141212)formidable上传文件的Content-Type为空
	(20141212)ZJDGX logo
